running python sagittal_brain.py 2
Traceback (most recent call last):
  File "sagittal_brain.py", line 34, in <module>
    run_averages(arguments.file_input, arguments.file_output)
  File "sagittal_brain.py", line 15, in run_averages
    planes = np.loadtxt(file_input, dtype=int,  delimiter=',')
  File "D:\Software\Anaconda\Anaconda\lib\site-packages\numpy\lib\npyio.py", line 1065, in loadtxt
    fh = np.lib._datasource.open(fname, 'rt', encoding=encoding)
  File "D:\Software\Anaconda\Anaconda\lib\site-packages\numpy\lib\_datasource.py", line 194, in open
    return ds.open(path, mode, encoding=encoding, newline=newline)
  File "D:\Software\Anaconda\Anaconda\lib\site-packages\numpy\lib\_datasource.py", line 531, in open
    raise IOError("%s not found." % path)
OSError: 2 not found.
error: Your local changes to the following files would be overwritten by checkout:
	sagittal_brain.py
Please commit your changes or stash them before you switch branches.
Aborting
Bisecting: 11 revisions left to test after this (roughly 4 steps)
bisect run failed:
'bisect-state bad' exited with error code 1
